<?xml version="1.0" encoding="UTF-8" ?>
<testsuite tests="1" failures="0" name="mapper.DepositInfMapperTest" time="0" errors="1" skipped="0">
  <properties>
[...]
</properties>
  <testcase classname="mapper.DepositInfMapperTest" name="mapper.DepositInfMapperTest" time="0.313">
    <error message="org/junit/runners/model/MultipleFailureException" type="java.lang.NoClassDefFoundError">java.lang.NoClassDefFoundError: org/junit/runners/model/MultipleFailureException
	at org.springframework.test.context.junit4.SpringJUnit4ClassRunner.withAfterClasses(SpringJUnit4ClassRunner.java:187)
	at org.junit.runners.ParentRunner.classBlock(ParentRunner.java:145)
	at org.junit.runners.ParentRunner.run(ParentRunner.java:235)
	at org.springframework.test.context.junit4.SpringJUnit4ClassRunner.run(SpringJUnit4ClassRunner.java:162)
	at org.apache.maven.surefire.junit4.JUnit4TestSet.execute(JUnit4TestSet.java:53)
	at org.apache.maven.surefire.junit4.JUnit4Provider.executeTestSet(JUnit4Provider.java:119)
	at org.apache.maven.surefire.junit4.JUnit4Provider.invoke(JUnit4Provider.java:101)
	at sun.reflect.NativeMethodAccessorImpl.invoke0(Native Method)
	at sun.reflect.NativeMethodAccessorImpl.invoke(NativeMethodAccessorImpl.java:62)
	at sun.reflect.DelegatingMethodAccessorImpl.invoke(DelegatingMethodAccessorImpl.java:43)
	at java.lang.reflect.Method.invoke(Method.java:498)
	at org.apache.maven.surefire.booter.ProviderFactory$ClassLoaderProxy.invoke(ProviderFactory.java:103)
	at com.sun.proxy.$Proxy0.invoke(Unknown Source)
	at org.apache.maven.surefire.booter.SurefireStarter.invokeProvider(SurefireStarter.java:150)
	at org.apache.maven.surefire.booter.SurefireStarter.runSuitesInProcess(SurefireStarter.java:91)
	at org.apache.maven.surefire.booter.ForkedBooter.main(ForkedBooter.java:69)
Caused by: java.lang.ClassNotFoundException: org.junit.runners.model.MultipleFailureException
	at java.net.URLClassLoader.findClass(URLClassLoader.java:381)
	at java.lang.ClassLoader.loadClass(ClassLoader.java:424)
	at sun.misc.Launcher$AppClassLoader.loadClass(Launcher.java:331)
	at java.lang.ClassLoader.loadClass(ClassLoader.java:357)
	... 16 more
</error>
    <system-out>@SLTests run: 1, Failures: 0, Errors: 1, Skipped: 0, Time elapsed: 0.016 sec &lt;&lt;&lt; FAILURE!
@SLRunning mapper.DepositInfMapperTest
2016-06-10 09:19:19,887 [main] DEBUG [org.springframework.test.context.junit4.SpringJUnit4ClassRunner] - SpringJUnit4ClassRunner constructor called with [class mapper.DepositInfMapperTest].
2016-06-10 09:19:19,887 [main] DEBUG [org.springframework.test.context.BootstrapUtils] - Instantiating TestContextBootstrapper from class [org.springframework.test.context.support.DefaultTestContextBootstrapper]
2016-06-10 09:19:19,887 [main] DEBUG [org.springframework.test.context.support.ContextLoaderUtils] - Retrieved @ContextConfiguration attributes [{name=, value=[], classes=[], loader=interface org.springframework.test.context.ContextLoader, locations=[classpath:configure/spring/applicationContext-*.xml], inheritInitializers=true, inheritLocations=true, initializers=[]}] for declaring class [mapper.DepositInfMapperTest].
2016-06-10 09:19:19,887 [main] DEBUG [org.springframework.test.context.support.ContextLoaderUtils] - Resolved context configuration attributes: [ContextConfigurationAttributes@fb42c1c declaringClass = &apos;mapper.DepositInfMapperTest&apos;, classes = &apos;{}&apos;, locations = &apos;{classpath:configure/spring/applicationContext-*.xml}&apos;, inheritLocations = true, initializers = &apos;{}&apos;, inheritInitializers = true, name = [null], contextLoaderClass = &apos;org.springframework.test.context.ContextLoader&apos;]
2016-06-10 09:19:19,887 [main] DEBUG [org.springframework.test.context.support.DefaultTestContextBootstrapper] - Resolving ContextLoader for context configuration attributes [ContextConfigurationAttributes@fb42c1c declaringClass = &apos;mapper.DepositInfMapperTest&apos;, classes = &apos;{}&apos;, locations = &apos;{classpath:configure/spring/applicationContext-*.xml}&apos;, inheritLocations = true, initializers = &apos;{}&apos;, inheritInitializers = true, name = [null], contextLoaderClass = &apos;org.springframework.test.context.ContextLoader&apos;]
2016-06-10 09:19:19,887 [main] DEBUG [org.springframework.test.context.support.DefaultTestContextBootstrapper] - Using ContextLoader class [org.springframework.test.context.support.DelegatingSmartContextLoader] for test class [mapper.DepositInfMapperTest]
2016-06-10 09:19:19,887 [main] DEBUG [org.springframework.test.context.support.DefaultTestContextBootstrapper] - Processing locations and classes for context configuration attributes [ContextConfigurationAttributes@fb42c1c declaringClass = &apos;mapper.DepositInfMapperTest&apos;, classes = &apos;{}&apos;, locations = &apos;{classpath:configure/spring/applicationContext-*.xml}&apos;, inheritLocations = true, initializers = &apos;{}&apos;, inheritInitializers = true, name = [null], contextLoaderClass = &apos;org.springframework.test.context.ContextLoader&apos;]
2016-06-10 09:19:19,887 [main] DEBUG [org.springframework.test.context.support.AbstractDelegatingSmartContextLoader] - Delegating to GenericXmlContextLoader to process context configuration [ContextConfigurationAttributes@fb42c1c declaringClass = &apos;mapper.DepositInfMapperTest&apos;, classes = &apos;{}&apos;, locations = &apos;{classpath:configure/spring/applicationContext-*.xml}&apos;, inheritLocations = true, initializers = &apos;{}&apos;, inheritInitializers = true, name = [null], contextLoaderClass = &apos;org.springframework.test.context.ContextLoader&apos;].
2016-06-10 09:19:19,887 [main] DEBUG [org.springframework.test.context.support.ApplicationContextInitializerUtils] - Processing context initializers for context configuration attributes [ContextConfigurationAttributes@fb42c1c declaringClass = &apos;mapper.DepositInfMapperTest&apos;, classes = &apos;{}&apos;, locations = &apos;{classpath:configure/spring/applicationContext-*.xml}&apos;, inheritLocations = true, initializers = &apos;{}&apos;, inheritInitializers = true, name = [null], contextLoaderClass = &apos;org.springframework.test.context.ContextLoader&apos;]
2016-06-10 09:19:19,887 [main] DEBUG [org.springframework.test.context.support.ActiveProfilesUtils] - Could not find an &apos;annotation declaring class&apos; for annotation type [org.springframework.test.context.ActiveProfiles] and class [mapper.DepositInfMapperTest]
2016-06-10 09:19:19,887 [main] DEBUG [org.springframework.test.context.support.DefaultTestContextBootstrapper] - Retrieved @TestExecutionListeners attributes [{value=[class org.springframework.test.context.transaction.TransactionalTestExecutionListener,class org.springframework.test.context.jdbc.SqlScriptsTestExecutionListener], listeners=[], mergeMode=REPLACE_DEFAULTS, inheritListeners=true}] for declaring class [org.springframework.test.context.junit4.AbstractTransactionalJUnit4SpringContextTests].
2016-06-10 09:19:19,887 [main] DEBUG [org.springframework.test.context.support.DefaultTestContextBootstrapper] - Retrieved @TestExecutionListeners attributes [{value=[class org.springframework.test.context.web.ServletTestExecutionListener,class org.springframework.test.context.support.DependencyInjectionTestExecutionListener,class org.springframework.test.context.support.DirtiesContextTestExecutionListener], listeners=[], mergeMode=REPLACE_DEFAULTS, inheritListeners=true}] for declaring class [org.springframework.test.context.junit4.AbstractJUnit4SpringContextTests].
2016-06-10 09:19:19,887 [main] INFO  [org.springframework.test.context.support.DefaultTestContextBootstrapper] - Using TestExecutionListeners: [org.springframework.test.context.web.ServletTestExecutionListener@4edde05c, org.springframework.test.context.support.DependencyInjectionTestExecutionListener@2911db81, org.springframework.test.context.support.DirtiesContextTestExecutionListener@7fce1069, org.springframework.test.context.transaction.TransactionalTestExecutionListener@51b41740, org.springframework.test.context.jdbc.SqlScriptsTestExecutionListener@70cac22a]
2016-06-10 09:19:19,887 [main] DEBUG [org.springframework.test.context.TestContextManager] - Registering TestExecutionListener: org.springframework.test.context.web.ServletTestExecutionListener@4edde05c
2016-06-10 09:19:19,887 [main] DEBUG [org.springframework.test.context.TestContextManager] - Registering TestExecutionListener: org.springframework.test.context.support.DependencyInjectionTestExecutionListener@2911db81
2016-06-10 09:19:19,887 [main] DEBUG [org.springframework.test.context.TestContextManager] - Registering TestExecutionListener: org.springframework.test.context.support.DirtiesContextTestExecutionListener@7fce1069
2016-06-10 09:19:19,887 [main] DEBUG [org.springframework.test.context.TestContextManager] - Registering TestExecutionListener: org.springframework.test.context.transaction.TransactionalTestExecutionListener@51b41740
2016-06-10 09:19:19,887 [main] DEBUG [org.springframework.test.context.TestContextManager] - Registering TestExecutionListener: org.springframework.test.context.jdbc.SqlScriptsTestExecutionListener@70cac22a
2016-06-10 09:19:19,887 [main] DEBUG [org.springframework.test.annotation.ProfileValueUtils] - Retrieved @ProfileValueSourceConfiguration [null] for test class [mapper.DepositInfMapperTest]
2016-06-10 09:19:19,887 [main] DEBUG [org.springframework.test.annotation.ProfileValueUtils] - Retrieved ProfileValueSource type [class org.springframework.test.annotation.SystemProfileValueSource] for class [mapper.DepositInfMapperTest]
2016-06-10 09:19:19,887 [main] DEBUG [org.springframework.test.annotation.ProfileValueUtils] - Retrieved @ProfileValueSourceConfiguration [null] for test class [mapper.DepositInfMapperTest]
2016-06-10 09:19:19,887 [main] DEBUG [org.springframework.test.annotation.ProfileValueUtils] - Retrieved ProfileValueSource type [class org.springframework.test.annotation.SystemProfileValueSource] for class [mapper.DepositInfMapperTest]
</system-out>
  </testcase>
</testsuite>